2022-07-23 16:49:30.175 [main] ERROR org.springframework.boot.SpringApplication - Application run failed
java.lang.IllegalStateException: java.lang.IllegalStateException: Logback configuration error detected: 
ERROR in ch.qos.logback.core.pattern.parser.Compiler@3e27aa33 - There is no conversion class registered for composite conversion word [clr表示使用conversionRule中conversionWord为clr的converterClass输出]
ERROR in ch.qos.logback.core.pattern.parser.Compiler@3e27aa33 - Failed to create converter for [%clr表示使用conversionRule中conversionWord为clr的converterClass输出] keyword
ERROR in ch.qos.logback.core.pattern.parser.Compiler@3e27aa33 - There is no conversion class registered for conversion word [d表示日期]
ERROR in ch.qos.logback.core.pattern.parser.Compiler@3e27aa33 - [d表示日期] is not a valid conversion word
ERROR in ch.qos.logback.core.joran.spi.Interpreter@81:30 - no applicable action for [maxFileSile], current ElementPath  is [[configuration][appender][rollingPolicy][timeBasedFileNamingAndTriggeringPolicy][maxFileSile]]
ERROR in ch.qos.logback.core.rolling.SizeAndTimeBasedFNATP@2e385cce - maxFileSize property is mandatory.
	at org.springframework.boot.context.logging.LoggingApplicationListener.initializeSystem(LoggingApplicationListener.java:328)
	at org.springframework.boot.context.logging.LoggingApplicationListener.initialize(LoggingApplicationListener.java:282)
	at org.springframework.boot.context.logging.LoggingApplicationListener.onApplicationEnvironmentPreparedEvent(LoggingApplicationListener.java:240)
	at org.springframework.boot.context.logging.LoggingApplicationListener.onApplicationEvent(LoggingApplicationListener.java:216)
	at org.springframework.context.event.SimpleApplicationEventMulticaster.doInvokeListener(SimpleApplicationEventMulticaster.java:176)
	at org.springframework.context.event.SimpleApplicationEventMulticaster.invokeListener(SimpleApplicationEventMulticaster.java:169)
	at org.springframework.context.event.SimpleApplicationEventMulticaster.multicastEvent(SimpleApplicationEventMulticaster.java:143)
	at org.springframework.context.event.SimpleApplicationEventMulticaster.multicastEvent(SimpleApplicationEventMulticaster.java:131)
	at org.springframework.boot.context.event.EventPublishingRunListener.environmentPrepared(EventPublishingRunListener.java:85)
	at org.springframework.boot.SpringApplicationRunListeners.lambda$environmentPrepared$2(SpringApplicationRunListeners.java:66)
	at java.util.ArrayList.forEach(ArrayList.java:1259)
	at org.springframework.boot.SpringApplicationRunListeners.doWithListeners(SpringApplicationRunListeners.java:120)
	at org.springframework.boot.SpringApplicationRunListeners.doWithListeners(SpringApplicationRunListeners.java:114)
	at org.springframework.boot.SpringApplicationRunListeners.environmentPrepared(SpringApplicationRunListeners.java:65)
	at org.springframework.boot.SpringApplication.prepareEnvironment(SpringApplication.java:344)
	at org.springframework.boot.SpringApplication.run(SpringApplication.java:302)
	at org.springframework.boot.SpringApplication.run(SpringApplication.java:1306)
	at org.springframework.boot.SpringApplication.run(SpringApplication.java:1295)
	at gitspringboot.GitspringbootApplication.main(GitspringbootApplication.java:14)
Caused by: java.lang.IllegalStateException: Logback configuration error detected: 
ERROR in ch.qos.logback.core.pattern.parser.Compiler@3e27aa33 - There is no conversion class registered for composite conversion word [clr表示使用conversionRule中conversionWord为clr的converterClass输出]
ERROR in ch.qos.logback.core.pattern.parser.Compiler@3e27aa33 - Failed to create converter for [%clr表示使用conversionRule中conversionWord为clr的converterClass输出] keyword
ERROR in ch.qos.logback.core.pattern.parser.Compiler@3e27aa33 - There is no conversion class registered for conversion word [d表示日期]
ERROR in ch.qos.logback.core.pattern.parser.Compiler@3e27aa33 - [d表示日期] is not a valid conversion word
ERROR in ch.qos.logback.core.joran.spi.Interpreter@81:30 - no applicable action for [maxFileSile], current ElementPath  is [[configuration][appender][rollingPolicy][timeBasedFileNamingAndTriggeringPolicy][maxFileSile]]
ERROR in ch.qos.logback.core.rolling.SizeAndTimeBasedFNATP@2e385cce - maxFileSize property is mandatory.
	at org.springframework.boot.logging.logback.LogbackLoggingSystem.loadConfiguration(LogbackLoggingSystem.java:179)
	at org.springframework.boot.logging.logback.LogbackLoggingSystem.reinitialize(LogbackLoggingSystem.java:232)
	at org.springframework.boot.logging.AbstractLoggingSystem.initializeWithConventions(AbstractLoggingSystem.java:73)
	at org.springframework.boot.logging.AbstractLoggingSystem.initialize(AbstractLoggingSystem.java:60)
	at org.springframework.boot.logging.logback.LogbackLoggingSystem.initialize(LogbackLoggingSystem.java:132)
	at org.springframework.boot.context.logging.LoggingApplicationListener.initializeSystem(LoggingApplicationListener.java:313)
	... 18 common frames omitted
2022-07-23 16:49:50.884 [main] ERROR org.springframework.boot.SpringApplication - Application run failed
java.lang.IllegalStateException: java.lang.IllegalStateException: Logback configuration error detected: 
ERROR in ch.qos.logback.core.pattern.parser.Compiler@3e27aa33 - There is no conversion class registered for composite conversion word [clr表示使用conversionRule中conversionWord为clr的converterClass输出]
ERROR in ch.qos.logback.core.pattern.parser.Compiler@3e27aa33 - Failed to create converter for [%clr表示使用conversionRule中conversionWord为clr的converterClass输出] keyword
ERROR in ch.qos.logback.core.pattern.parser.Compiler@3e27aa33 - There is no conversion class registered for conversion word [d表示日期]
ERROR in ch.qos.logback.core.pattern.parser.Compiler@3e27aa33 - [d表示日期] is not a valid conversion word
ERROR in ch.qos.logback.core.joran.spi.Interpreter@81:30 - no applicable action for [maxFileSile], current ElementPath  is [[configuration][appender][rollingPolicy][timeBasedFileNamingAndTriggeringPolicy][maxFileSile]]
ERROR in ch.qos.logback.core.rolling.SizeAndTimeBasedFNATP@2e385cce - maxFileSize property is mandatory.
	at org.springframework.boot.context.logging.LoggingApplicationListener.initializeSystem(LoggingApplicationListener.java:328)
	at org.springframework.boot.context.logging.LoggingApplicationListener.initialize(LoggingApplicationListener.java:282)
	at org.springframework.boot.context.logging.LoggingApplicationListener.onApplicationEnvironmentPreparedEvent(LoggingApplicationListener.java:240)
	at org.springframework.boot.context.logging.LoggingApplicationListener.onApplicationEvent(LoggingApplicationListener.java:216)
	at org.springframework.context.event.SimpleApplicationEventMulticaster.doInvokeListener(SimpleApplicationEventMulticaster.java:176)
	at org.springframework.context.event.SimpleApplicationEventMulticaster.invokeListener(SimpleApplicationEventMulticaster.java:169)
	at org.springframework.context.event.SimpleApplicationEventMulticaster.multicastEvent(SimpleApplicationEventMulticaster.java:143)
	at org.springframework.context.event.SimpleApplicationEventMulticaster.multicastEvent(SimpleApplicationEventMulticaster.java:131)
	at org.springframework.boot.context.event.EventPublishingRunListener.environmentPrepared(EventPublishingRunListener.java:85)
	at org.springframework.boot.SpringApplicationRunListeners.lambda$environmentPrepared$2(SpringApplicationRunListeners.java:66)
	at java.util.ArrayList.forEach(ArrayList.java:1259)
	at org.springframework.boot.SpringApplicationRunListeners.doWithListeners(SpringApplicationRunListeners.java:120)
	at org.springframework.boot.SpringApplicationRunListeners.doWithListeners(SpringApplicationRunListeners.java:114)
	at org.springframework.boot.SpringApplicationRunListeners.environmentPrepared(SpringApplicationRunListeners.java:65)
	at org.springframework.boot.SpringApplication.prepareEnvironment(SpringApplication.java:344)
	at org.springframework.boot.SpringApplication.run(SpringApplication.java:302)
	at org.springframework.boot.SpringApplication.run(SpringApplication.java:1306)
	at org.springframework.boot.SpringApplication.run(SpringApplication.java:1295)
	at gitspringboot.GitspringbootApplication.main(GitspringbootApplication.java:14)
Caused by: java.lang.IllegalStateException: Logback configuration error detected: 
ERROR in ch.qos.logback.core.pattern.parser.Compiler@3e27aa33 - There is no conversion class registered for composite conversion word [clr表示使用conversionRule中conversionWord为clr的converterClass输出]
ERROR in ch.qos.logback.core.pattern.parser.Compiler@3e27aa33 - Failed to create converter for [%clr表示使用conversionRule中conversionWord为clr的converterClass输出] keyword
ERROR in ch.qos.logback.core.pattern.parser.Compiler@3e27aa33 - There is no conversion class registered for conversion word [d表示日期]
ERROR in ch.qos.logback.core.pattern.parser.Compiler@3e27aa33 - [d表示日期] is not a valid conversion word
ERROR in ch.qos.logback.core.joran.spi.Interpreter@81:30 - no applicable action for [maxFileSile], current ElementPath  is [[configuration][appender][rollingPolicy][timeBasedFileNamingAndTriggeringPolicy][maxFileSile]]
ERROR in ch.qos.logback.core.rolling.SizeAndTimeBasedFNATP@2e385cce - maxFileSize property is mandatory.
	at org.springframework.boot.logging.logback.LogbackLoggingSystem.loadConfiguration(LogbackLoggingSystem.java:179)
	at org.springframework.boot.logging.logback.LogbackLoggingSystem.reinitialize(LogbackLoggingSystem.java:232)
	at org.springframework.boot.logging.AbstractLoggingSystem.initializeWithConventions(AbstractLoggingSystem.java:73)
	at org.springframework.boot.logging.AbstractLoggingSystem.initialize(AbstractLoggingSystem.java:60)
	at org.springframework.boot.logging.logback.LogbackLoggingSystem.initialize(LogbackLoggingSystem.java:132)
	at org.springframework.boot.context.logging.LoggingApplicationListener.initializeSystem(LoggingApplicationListener.java:313)
	... 18 common frames omitted
2022-07-23 16:52:14.230 [main] ERROR org.springframework.boot.SpringApplication - Application run failed
java.lang.IllegalStateException: java.lang.IllegalStateException: Logback configuration error detected: 
ERROR in ch.qos.logback.core.joran.spi.Interpreter@71:30 - no applicable action for [maxFileSile], current ElementPath  is [[configuration][appender][rollingPolicy][timeBasedFileNamingAndTriggeringPolicy][maxFileSile]]
ERROR in ch.qos.logback.core.rolling.SizeAndTimeBasedFNATP@750e2b97 - maxFileSize property is mandatory.
	at org.springframework.boot.context.logging.LoggingApplicationListener.initializeSystem(LoggingApplicationListener.java:328)
	at org.springframework.boot.context.logging.LoggingApplicationListener.initialize(LoggingApplicationListener.java:282)
	at org.springframework.boot.context.logging.LoggingApplicationListener.onApplicationEnvironmentPreparedEvent(LoggingApplicationListener.java:240)
	at org.springframework.boot.context.logging.LoggingApplicationListener.onApplicationEvent(LoggingApplicationListener.java:216)
	at org.springframework.context.event.SimpleApplicationEventMulticaster.doInvokeListener(SimpleApplicationEventMulticaster.java:176)
	at org.springframework.context.event.SimpleApplicationEventMulticaster.invokeListener(SimpleApplicationEventMulticaster.java:169)
	at org.springframework.context.event.SimpleApplicationEventMulticaster.multicastEvent(SimpleApplicationEventMulticaster.java:143)
	at org.springframework.context.event.SimpleApplicationEventMulticaster.multicastEvent(SimpleApplicationEventMulticaster.java:131)
	at org.springframework.boot.context.event.EventPublishingRunListener.environmentPrepared(EventPublishingRunListener.java:85)
	at org.springframework.boot.SpringApplicationRunListeners.lambda$environmentPrepared$2(SpringApplicationRunListeners.java:66)
	at java.util.ArrayList.forEach(ArrayList.java:1259)
	at org.springframework.boot.SpringApplicationRunListeners.doWithListeners(SpringApplicationRunListeners.java:120)
	at org.springframework.boot.SpringApplicationRunListeners.doWithListeners(SpringApplicationRunListeners.java:114)
	at org.springframework.boot.SpringApplicationRunListeners.environmentPrepared(SpringApplicationRunListeners.java:65)
	at org.springframework.boot.SpringApplication.prepareEnvironment(SpringApplication.java:344)
	at org.springframework.boot.SpringApplication.run(SpringApplication.java:302)
	at org.springframework.boot.SpringApplication.run(SpringApplication.java:1306)
	at org.springframework.boot.SpringApplication.run(SpringApplication.java:1295)
	at gitspringboot.GitspringbootApplication.main(GitspringbootApplication.java:14)
Caused by: java.lang.IllegalStateException: Logback configuration error detected: 
ERROR in ch.qos.logback.core.joran.spi.Interpreter@71:30 - no applicable action for [maxFileSile], current ElementPath  is [[configuration][appender][rollingPolicy][timeBasedFileNamingAndTriggeringPolicy][maxFileSile]]
ERROR in ch.qos.logback.core.rolling.SizeAndTimeBasedFNATP@750e2b97 - maxFileSize property is mandatory.
	at org.springframework.boot.logging.logback.LogbackLoggingSystem.loadConfiguration(LogbackLoggingSystem.java:179)
	at org.springframework.boot.logging.logback.LogbackLoggingSystem.reinitialize(LogbackLoggingSystem.java:232)
	at org.springframework.boot.logging.AbstractLoggingSystem.initializeWithConventions(AbstractLoggingSystem.java:73)
	at org.springframework.boot.logging.AbstractLoggingSystem.initialize(AbstractLoggingSystem.java:60)
	at org.springframework.boot.logging.logback.LogbackLoggingSystem.initialize(LogbackLoggingSystem.java:132)
	at org.springframework.boot.context.logging.LoggingApplicationListener.initializeSystem(LoggingApplicationListener.java:313)
	... 18 common frames omitted
